<?xml version="1.0" encoding="UTF-8"?>
<!-- Generated by org.testng.reporters.JUnitReportReporter -->
<testsuite hostname="AJAYZ" name="gui.tests.MAT.RemoteDeployToLin" tests="1" failures="0" timestamp="23 May 2014 11:38:55 GMT" time="291.569" errors="0">
  <testcase name="test_RemoteDeployToLin" time="291.569" classname="gui.tests.MAT.RemoteDeployToLin"/>
</testsuite> <!-- gui.tests.MAT.RemoteDeployToLin -->
