<?xml version="1.0" encoding="UTF-8"?>
<!-- Generated by org.testng.reporters.JUnitReportReporter -->
<testsuite hostname="AJAYZ" name="gui.tests.MAT.GU_Interactive" tests="1" failures="1" timestamp="6 Mar 2014 19:22:30 GMT" time="0.000" errors="0">
  <testcase name="test_GU_Interactive" time="0.000" classname="gui.tests.MAT.GU_Interactive"/>
</testsuite> <!-- gui.tests.MAT.GU_Interactive -->
